# JRE version: Java(TM) SE Runtime Environment (8.0_65-b17) (build 1.8.0_65-b17)
# Java VM: Java HotSpot(TM) 64-Bit Server VM (25.65-b01 mixed mode windows-amd64 compressed oops)
Heap:
 PSYoungGen      total 205824K, used 180172K [0x00000000d5c00000, 0x00000000e5980000, 0x0000000100000000)
  eden space 194048K, 92% used [0x00000000d5c00000,0x00000000e0bf3358,0x00000000e1980000)
  from space 11776K, 0% used [0x00000000e2480000,0x00000000e2480000,0x00000000e3000000)
  to   space 11264K, 0% used [0x00000000e1980000,0x00000000e1980000,0x00000000e2480000)
 ParOldGen       total 67584K, used 12218K [0x0000000081400000, 0x0000000085600000, 0x00000000d5c00000)
  object space 67584K, 18% used [0x0000000081400000,0x0000000081feeb20,0x0000000085600000)
 Metaspace       used 52536K, capacity 55500K, committed 55808K, reserved 1097728K
  class space    used 7321K, capacity 7823K, committed 7936K, reserved 1048576K
GC Heap History (10 events):
Event: 5.194 GC heap before
{Heap before GC invocations=6 (full 1):
 PSYoungGen      total 71680K, used 5096K [0x00000000d5c00000, 0x00000000def00000, 0x0000000100000000)
  eden space 66560K, 0% used [0x00000000d5c00000,0x00000000d5c00000,0x00000000d9d00000)
  from space 5120K, 99% used [0x00000000d9d00000,0x00000000da1fa358,0x00000000da200000)
  to   space 8704K, 0% used [0x00000000de680000,0x00000000de680000,0x00000000def00000)
 ParOldGen       total 87552K, used 5946K [0x0000000081400000, 0x0000000086980000, 0x00000000d5c00000)
  object space 87552K, 6% used [0x0000000081400000,0x00000000819cea50,0x0000000086980000)
 Metaspace       used 20583K, capacity 21210K, committed 21296K, reserved 1067008K
  class space    used 2721K, capacity 2882K, committed 2944K, reserved 1048576K
Event: 5.295 GC heap after
Heap after GC invocations=6 (full 1):
 PSYoungGen      total 71680K, used 0K [0x00000000d5c00000, 0x00000000def00000, 0x0000000100000000)
  eden space 66560K, 0% used [0x00000000d5c00000,0x00000000d5c00000,0x00000000d9d00000)
  from space 5120K, 0% used [0x00000000d9d00000,0x00000000d9d00000,0x00000000da200000)
  to   space 8704K, 0% used [0x00000000de680000,0x00000000de680000,0x00000000def00000)
 ParOldGen       total 50176K, used 5706K [0x0000000081400000, 0x0000000084500000, 0x00000000d5c00000)
  object space 50176K, 11% used [0x0000000081400000,0x0000000081992928,0x0000000084500000)
 Metaspace       used 20581K, capacity 21204K, committed 21296K, reserved 1067008K
  class space    used 2721K, capacity 2881K, committed 2944K, reserved 1048576K
}
Event: 7.625 GC heap before
{Heap before GC invocations=7 (full 1):
 PSYoungGen      total 71680K, used 66560K [0x00000000d5c00000, 0x00000000def00000, 0x0000000100000000)
  eden space 66560K, 100% used [0x00000000d5c00000,0x00000000d9d00000,0x00000000d9d00000)
  from space 5120K, 0% used [0x00000000d9d00000,0x00000000d9d00000,0x00000000da200000)
  to   space 8704K, 0% used [0x00000000de680000,0x00000000de680000,0x00000000def00000)
 ParOldGen       total 50176K, used 5706K [0x0000000081400000, 0x0000000084500000, 0x00000000d5c00000)
  object space 50176K, 11% used [0x0000000081400000,0x0000000081992928,0x0000000084500000)
 Metaspace       used 24353K, capacity 25430K, committed 25600K, reserved 1071104K
  class space    used 3306K, capacity 3558K, committed 3584K, reserved 1048576K
Event: 7.644 GC heap after
Heap after GC invocations=7 (full 1):
 PSYoungGen      total 122368K, used 7120K [0x00000000d5c00000, 0x00000000ded80000, 0x0000000100000000)
  eden space 115200K, 0% used [0x00000000d5c00000,0x00000000d5c00000,0x00000000dcc80000)
  from space 7168K, 99% used [0x00000000de680000,0x00000000ded743c8,0x00000000ded80000)
  to   space 8704K, 0% used [0x00000000ddc80000,0x00000000ddc80000,0x00000000de500000)
 ParOldGen       total 50176K, used 5714K [0x0000000081400000, 0x0000000084500000, 0x00000000d5c00000)
  object space 50176K, 11% used [0x0000000081400000,0x0000000081994928,0x0000000084500000)
 Metaspace       used 24353K, capacity 25430K, committed 25600K, reserved 1071104K
  class space    used 3306K, capacity 3558K, committed 3584K, reserved 1048576K
}
Event: 11.210 GC heap before
{Heap before GC invocations=8 (full 1):
 PSYoungGen      total 122368K, used 122320K [0x00000000d5c00000, 0x00000000ded80000, 0x0000000100000000)
  eden space 115200K, 100% used [0x00000000d5c00000,0x00000000dcc80000,0x00000000dcc80000)
  from space 7168K, 99% used [0x00000000de680000,0x00000000ded743c8,0x00000000ded80000)
  to   space 8704K, 0% used [0x00000000ddc80000,0x00000000ddc80000,0x00000000de500000)
 ParOldGen       total 50176K, used 5714K [0x0000000081400000, 0x0000000084500000, 0x00000000d5c00000)
  object space 50176K, 11% used [0x0000000081400000,0x0000000081994928,0x0000000084500000)
 Metaspace       used 33338K, capacity 35078K, committed 35328K, reserved 1079296K
  class space    used 4678K, capacity 5014K, committed 5120K, reserved 1048576K
Event: 11.251 GC heap after
Heap after GC invocations=8 (full 1):
 PSYoungGen      total 140288K, used 8684K [0x00000000d5c00000, 0x00000000e3000000, 0x0000000100000000)
  eden space 131584K, 0% used [0x00000000d5c00000,0x00000000d5c00000,0x00000000ddc80000)
  from space 8704K, 99% used [0x00000000ddc80000,0x00000000de4fb300,0x00000000de500000)
  to   space 11776K, 0% used [0x00000000e2480000,0x00000000e2480000,0x00000000e3000000)
 ParOldGen       total 50176K, used 10347K [0x0000000081400000, 0x0000000084500000, 0x00000000d5c00000)
  object space 50176K, 20% used [0x0000000081400000,0x0000000081e1ac70,0x0000000084500000)
 Metaspace       used 33338K, capacity 35078K, committed 35328K, reserved 1079296K
  class space    used 4678K, capacity 5014K, committed 5120K, reserved 1048576K
}
Event: 11.353 GC heap before
{Heap before GC invocations=9 (full 1):
 PSYoungGen      total 140288K, used 10900K [0x00000000d5c00000, 0x00000000e3000000, 0x0000000100000000)
  eden space 131584K, 1% used [0x00000000d5c00000,0x00000000d5e2a088,0x00000000ddc80000)
  from space 8704K, 99% used [0x00000000ddc80000,0x00000000de4fb300,0x00000000de500000)
  to   space 11776K, 0% used [0x00000000e2480000,0x00000000e2480000,0x00000000e3000000)
 ParOldGen       total 50176K, used 10347K [0x0000000081400000, 0x0000000084500000, 0x00000000d5c00000)
  object space 50176K, 20% used [0x0000000081400000,0x0000000081e1ac70,0x0000000084500000)
 Metaspace       used 33715K, capacity 35424K, committed 35496K, reserved 1079296K
  class space    used 4719K, capacity 5085K, committed 5120K, reserved 1048576K
Event: 11.376 GC heap after
Heap after GC invocations=9 (full 1):
 PSYoungGen      total 205824K, used 6666K [0x00000000d5c00000, 0x00000000e5980000, 0x0000000100000000)
  eden space 194048K, 0% used [0x00000000d5c00000,0x00000000d5c00000,0x00000000e1980000)
  from space 11776K, 56% used [0x00000000e2480000,0x00000000e2b02a18,0x00000000e3000000)
  to   space 11264K, 0% used [0x00000000e1980000,0x00000000e1980000,0x00000000e2480000)
 ParOldGen       total 50176K, used 10355K [0x0000000081400000, 0x0000000084500000, 0x00000000d5c00000)
  object space 50176K, 20% used [0x0000000081400000,0x0000000081e1cc70,0x0000000084500000)
 Metaspace       used 33715K, capacity 35424K, committed 35496K, reserved 1079296K
  class space    used 4719K, capacity 5085K, committed 5120K, reserved 1048576K
}
Event: 11.376 GC heap before
{Heap before GC invocations=10 (full 2):
 PSYoungGen      total 205824K, used 6666K [0x00000000d5c00000, 0x00000000e5980000, 0x0000000100000000)
  eden space 194048K, 0% used [0x00000000d5c00000,0x00000000d5c00000,0x00000000e1980000)
  from space 11776K, 56% used [0x00000000e2480000,0x00000000e2b02a18,0x00000000e3000000)
  to   space 11264K, 0% used [0x00000000e1980000,0x00000000e1980000,0x00000000e2480000)
 ParOldGen       total 50176K, used 10355K [0x0000000081400000, 0x0000000084500000, 0x00000000d5c00000)
  object space 50176K, 20% used [0x0000000081400000,0x0000000081e1cc70,0x0000000084500000)
 Metaspace       used 33715K, capacity 35424K, committed 35496K, reserved 1079296K
  class space    used 4719K, capacity 5085K, committed 5120K, reserved 1048576K
Event: 11.535 GC heap after
Heap after GC invocations=10 (full 2):
 PSYoungGen      total 205824K, used 0K [0x00000000d5c00000, 0x00000000e5980000, 0x0000000100000000)
  eden space 194048K, 0% used [0x00000000d5c00000,0x00000000d5c00000,0x00000000e1980000)
  from space 11776K, 0% used [0x00000000e2480000,0x00000000e2480000,0x00000000e3000000)
  to   space 11264K, 0% used [0x00000000e1980000,0x00000000e1980000,0x00000000e2480000)
 ParOldGen       total 67584K, used 12218K [0x0000000081400000, 0x0000000085600000, 0x00000000d5c00000)
  object space 67584K, 18% used [0x0000000081400000,0x0000000081feeb20,0x0000000085600000)
 Metaspace       used 33715K, capacity 35424K, committed 35496K, reserved 1079296K
  class space    used 4719K, capacity 5085K, committed 5120K, reserved 1048576K
}

